<?xml version="1.0" encoding="UTF-8"?>
<!-- Generated by org.testng.reporters.JUnitReportReporter -->
<testsuite hostname="vishnuekkar" failures="0" tests="1" name="Coden.Selenium.PageObjectTest.AutomationLinkTest" time="15.189" errors="0" timestamp="2021-12-18T16:46:11 IST" skipped="0">
  <testcase classname="Coden.Selenium.PageObjectTest.AutomationLinkTest" name="openLinkTest" time="15.189"/>
  <system-out/>
</testsuite> <!-- Coden.Selenium.PageObjectTest.AutomationLinkTest -->
