<?xml version="1.0" encoding="UTF-8"?>
<!-- Generated by org.testng.reporters.JUnitReportReporter -->
<testsuite hostname="vishnuekkar" failures="0" tests="1" name="Coden.Selenium.PageObjectTest.HomePageTest" time="8.170" errors="0" timestamp="2021-12-18T22:33:45 IST" skipped="0">
  <testcase classname="Coden.Selenium.PageObjectTest.HomePageTest" name="automationSearchTest" time="8.170"/>
  <system-out/>
</testsuite> <!-- Coden.Selenium.PageObjectTest.HomePageTest -->
